2023-12-30 14:00:28,741 DEBUG [HikariPool-1 housekeeper][HikariPool.java:421] - HikariPool-1 - Pool stats (total=10, active=0, idle=10, waiting=0)
2023-12-30 14:00:28,741 DEBUG [HikariPool-1 housekeeper][HikariPool.java:421] - HikariPool-1 - Pool stats (total=10, active=0, idle=10, waiting=0)
2023-12-30 14:00:28,755 DEBUG [HikariPool-1 housekeeper][HikariPool.java:517] - HikariPool-1 - Fill pool skipped, pool is at sufficient level.
2023-12-30 14:00:28,755 DEBUG [HikariPool-1 housekeeper][HikariPool.java:517] - HikariPool-1 - Fill pool skipped, pool is at sufficient level.
2023-12-30 14:00:58,757 DEBUG [HikariPool-1 housekeeper][HikariPool.java:421] - HikariPool-1 - Pool stats (total=10, active=0, idle=10, waiting=0)
2023-12-30 14:00:58,757 DEBUG [HikariPool-1 housekeeper][HikariPool.java:421] - HikariPool-1 - Pool stats (total=10, active=0, idle=10, waiting=0)
2023-12-30 14:00:58,757 DEBUG [HikariPool-1 housekeeper][HikariPool.java:517] - HikariPool-1 - Fill pool skipped, pool is at sufficient level.
2023-12-30 14:00:58,757 DEBUG [HikariPool-1 housekeeper][HikariPool.java:517] - HikariPool-1 - Fill pool skipped, pool is at sufficient level.
2023-12-30 14:01:28,759 DEBUG [HikariPool-1 housekeeper][HikariPool.java:421] - HikariPool-1 - Pool stats (total=10, active=0, idle=10, waiting=0)
2023-12-30 14:01:28,759 DEBUG [HikariPool-1 housekeeper][HikariPool.java:421] - HikariPool-1 - Pool stats (total=10, active=0, idle=10, waiting=0)
2023-12-30 14:01:28,760 DEBUG [HikariPool-1 housekeeper][HikariPool.java:517] - HikariPool-1 - Fill pool skipped, pool is at sufficient level.
2023-12-30 14:01:28,760 DEBUG [HikariPool-1 housekeeper][HikariPool.java:517] - HikariPool-1 - Fill pool skipped, pool is at sufficient level.
2023-12-30 14:01:58,772 DEBUG [HikariPool-1 housekeeper][HikariPool.java:421] - HikariPool-1 - Pool stats (total=10, active=0, idle=10, waiting=0)
2023-12-30 14:01:58,772 DEBUG [HikariPool-1 housekeeper][HikariPool.java:421] - HikariPool-1 - Pool stats (total=10, active=0, idle=10, waiting=0)
2023-12-30 14:01:58,772 DEBUG [HikariPool-1 housekeeper][HikariPool.java:517] - HikariPool-1 - Fill pool skipped, pool is at sufficient level.
2023-12-30 14:01:58,772 DEBUG [HikariPool-1 housekeeper][HikariPool.java:517] - HikariPool-1 - Fill pool skipped, pool is at sufficient level.
2023-12-30 14:02:28,785 DEBUG [HikariPool-1 housekeeper][HikariPool.java:421] - HikariPool-1 - Pool stats (total=10, active=0, idle=10, waiting=0)
2023-12-30 14:02:28,785 DEBUG [HikariPool-1 housekeeper][HikariPool.java:421] - HikariPool-1 - Pool stats (total=10, active=0, idle=10, waiting=0)
2023-12-30 14:02:28,785 DEBUG [HikariPool-1 housekeeper][HikariPool.java:517] - HikariPool-1 - Fill pool skipped, pool is at sufficient level.
2023-12-30 14:02:28,785 DEBUG [HikariPool-1 housekeeper][HikariPool.java:517] - HikariPool-1 - Fill pool skipped, pool is at sufficient level.
2023-12-30 14:02:58,792 DEBUG [HikariPool-1 housekeeper][HikariPool.java:421] - HikariPool-1 - Pool stats (total=10, active=0, idle=10, waiting=0)
2023-12-30 14:02:58,792 DEBUG [HikariPool-1 housekeeper][HikariPool.java:421] - HikariPool-1 - Pool stats (total=10, active=0, idle=10, waiting=0)
2023-12-30 14:02:58,792 DEBUG [HikariPool-1 housekeeper][HikariPool.java:517] - HikariPool-1 - Fill pool skipped, pool is at sufficient level.
2023-12-30 14:02:58,792 DEBUG [HikariPool-1 housekeeper][HikariPool.java:517] - HikariPool-1 - Fill pool skipped, pool is at sufficient level.
2023-12-30 14:03:28,795 DEBUG [HikariPool-1 housekeeper][HikariPool.java:421] - HikariPool-1 - Pool stats (total=10, active=0, idle=10, waiting=0)
2023-12-30 14:03:28,795 DEBUG [HikariPool-1 housekeeper][HikariPool.java:421] - HikariPool-1 - Pool stats (total=10, active=0, idle=10, waiting=0)
2023-12-30 14:03:28,796 DEBUG [HikariPool-1 housekeeper][HikariPool.java:517] - HikariPool-1 - Fill pool skipped, pool is at sufficient level.
2023-12-30 14:03:28,796 DEBUG [HikariPool-1 housekeeper][HikariPool.java:517] - HikariPool-1 - Fill pool skipped, pool is at sufficient level.
2023-12-30 14:03:58,802 DEBUG [HikariPool-1 housekeeper][HikariPool.java:421] - HikariPool-1 - Pool stats (total=10, active=0, idle=10, waiting=0)
2023-12-30 14:03:58,802 DEBUG [HikariPool-1 housekeeper][HikariPool.java:421] - HikariPool-1 - Pool stats (total=10, active=0, idle=10, waiting=0)
2023-12-30 14:03:58,802 DEBUG [HikariPool-1 housekeeper][HikariPool.java:517] - HikariPool-1 - Fill pool skipped, pool is at sufficient level.
2023-12-30 14:03:58,802 DEBUG [HikariPool-1 housekeeper][HikariPool.java:517] - HikariPool-1 - Fill pool skipped, pool is at sufficient level.
2023-12-30 14:04:28,807 DEBUG [HikariPool-1 housekeeper][HikariPool.java:421] - HikariPool-1 - Pool stats (total=10, active=0, idle=10, waiting=0)
2023-12-30 14:04:28,807 DEBUG [HikariPool-1 housekeeper][HikariPool.java:421] - HikariPool-1 - Pool stats (total=10, active=0, idle=10, waiting=0)
2023-12-30 14:04:28,808 DEBUG [HikariPool-1 housekeeper][HikariPool.java:517] - HikariPool-1 - Fill pool skipped, pool is at sufficient level.
2023-12-30 14:04:28,808 DEBUG [HikariPool-1 housekeeper][HikariPool.java:517] - HikariPool-1 - Fill pool skipped, pool is at sufficient level.
2023-12-30 14:04:58,813 DEBUG [HikariPool-1 housekeeper][HikariPool.java:421] - HikariPool-1 - Pool stats (total=10, active=0, idle=10, waiting=0)
2023-12-30 14:04:58,813 DEBUG [HikariPool-1 housekeeper][HikariPool.java:421] - HikariPool-1 - Pool stats (total=10, active=0, idle=10, waiting=0)
2023-12-30 14:04:58,814 DEBUG [HikariPool-1 housekeeper][HikariPool.java:517] - HikariPool-1 - Fill pool skipped, pool is at sufficient level.
2023-12-30 14:04:58,814 DEBUG [HikariPool-1 housekeeper][HikariPool.java:517] - HikariPool-1 - Fill pool skipped, pool is at sufficient level.
2023-12-30 14:05:28,821 DEBUG [HikariPool-1 housekeeper][HikariPool.java:421] - HikariPool-1 - Pool stats (total=10, active=0, idle=10, waiting=0)
2023-12-30 14:05:28,821 DEBUG [HikariPool-1 housekeeper][HikariPool.java:421] - HikariPool-1 - Pool stats (total=10, active=0, idle=10, waiting=0)
2023-12-30 14:05:28,822 DEBUG [HikariPool-1 housekeeper][HikariPool.java:517] - HikariPool-1 - Fill pool skipped, pool is at sufficient level.
2023-12-30 14:05:28,822 DEBUG [HikariPool-1 housekeeper][HikariPool.java:517] - HikariPool-1 - Fill pool skipped, pool is at sufficient level.
2023-12-30 14:05:58,823 DEBUG [HikariPool-1 housekeeper][HikariPool.java:421] - HikariPool-1 - Pool stats (total=10, active=0, idle=10, waiting=0)
2023-12-30 14:05:58,823 DEBUG [HikariPool-1 housekeeper][HikariPool.java:421] - HikariPool-1 - Pool stats (total=10, active=0, idle=10, waiting=0)
2023-12-30 14:05:58,824 DEBUG [HikariPool-1 housekeeper][HikariPool.java:517] - HikariPool-1 - Fill pool skipped, pool is at sufficient level.
2023-12-30 14:05:58,824 DEBUG [HikariPool-1 housekeeper][HikariPool.java:517] - HikariPool-1 - Fill pool skipped, pool is at sufficient level.
2023-12-30 14:06:28,837 DEBUG [HikariPool-1 housekeeper][HikariPool.java:421] - HikariPool-1 - Pool stats (total=10, active=0, idle=10, waiting=0)
2023-12-30 14:06:28,837 DEBUG [HikariPool-1 housekeeper][HikariPool.java:421] - HikariPool-1 - Pool stats (total=10, active=0, idle=10, waiting=0)
2023-12-30 14:06:28,837 DEBUG [HikariPool-1 housekeeper][HikariPool.java:517] - HikariPool-1 - Fill pool skipped, pool is at sufficient level.
2023-12-30 14:06:28,837 DEBUG [HikariPool-1 housekeeper][HikariPool.java:517] - HikariPool-1 - Fill pool skipped, pool is at sufficient level.
2023-12-30 14:06:58,847 DEBUG [HikariPool-1 housekeeper][HikariPool.java:421] - HikariPool-1 - Pool stats (total=10, active=0, idle=10, waiting=0)
2023-12-30 14:06:58,847 DEBUG [HikariPool-1 housekeeper][HikariPool.java:421] - HikariPool-1 - Pool stats (total=10, active=0, idle=10, waiting=0)
2023-12-30 14:06:58,848 DEBUG [HikariPool-1 housekeeper][HikariPool.java:517] - HikariPool-1 - Fill pool skipped, pool is at sufficient level.
2023-12-30 14:06:58,848 DEBUG [HikariPool-1 housekeeper][HikariPool.java:517] - HikariPool-1 - Fill pool skipped, pool is at sufficient level.
2023-12-30 14:07:28,851 DEBUG [HikariPool-1 housekeeper][HikariPool.java:421] - HikariPool-1 - Pool stats (total=10, active=0, idle=10, waiting=0)
2023-12-30 14:07:28,851 DEBUG [HikariPool-1 housekeeper][HikariPool.java:421] - HikariPool-1 - Pool stats (total=10, active=0, idle=10, waiting=0)
2023-12-30 14:07:28,851 DEBUG [HikariPool-1 housekeeper][HikariPool.java:517] - HikariPool-1 - Fill pool skipped, pool is at sufficient level.
2023-12-30 14:07:28,851 DEBUG [HikariPool-1 housekeeper][HikariPool.java:517] - HikariPool-1 - Fill pool skipped, pool is at sufficient level.
2023-12-30 14:07:39,638 INFO [SpringContextShutdownHook][ExecutorConfigurationSupport.java:218] - Shutting down ExecutorService 'taskScheduler'
2023-12-30 14:07:39,638 INFO [SpringContextShutdownHook][ExecutorConfigurationSupport.java:218] - Shutting down ExecutorService 'taskScheduler'
2023-12-30 14:07:39,639 INFO [SpringContextShutdownHook][ExecutorConfigurationSupport.java:218] - Shutting down ExecutorService 'applicationTaskExecutor'
2023-12-30 14:07:39,639 INFO [SpringContextShutdownHook][ExecutorConfigurationSupport.java:218] - Shutting down ExecutorService 'applicationTaskExecutor'
2023-12-30 14:07:39,642 INFO [SpringContextShutdownHook][HikariDataSource.java:350] - HikariPool-1 - Shutdown initiated...
2023-12-30 14:07:39,642 INFO [SpringContextShutdownHook][HikariDataSource.java:350] - HikariPool-1 - Shutdown initiated...
2023-12-30 14:07:39,642 DEBUG [SpringContextShutdownHook][HikariPool.java:421] - HikariPool-1 - Before shutdown stats (total=10, active=0, idle=10, waiting=0)
2023-12-30 14:07:39,642 DEBUG [SpringContextShutdownHook][HikariPool.java:421] - HikariPool-1 - Before shutdown stats (total=10, active=0, idle=10, waiting=0)
2023-12-30 14:07:39,643 DEBUG [HikariPool-1 connection closer][PoolBase.java:134] - HikariPool-1 - Closing connection com.mysql.cj.jdbc.ConnectionImpl@4e461082: (connection evicted)
2023-12-30 14:07:39,643 DEBUG [HikariPool-1 connection closer][PoolBase.java:134] - HikariPool-1 - Closing connection com.mysql.cj.jdbc.ConnectionImpl@4e461082: (connection evicted)
2023-12-30 14:07:39,647 DEBUG [HikariPool-1 connection closer][PoolBase.java:134] - HikariPool-1 - Closing connection com.mysql.cj.jdbc.ConnectionImpl@6f1ae35c: (connection evicted)
2023-12-30 14:07:39,647 DEBUG [HikariPool-1 connection closer][PoolBase.java:134] - HikariPool-1 - Closing connection com.mysql.cj.jdbc.ConnectionImpl@6f1ae35c: (connection evicted)
2023-12-30 14:07:39,648 DEBUG [HikariPool-1 connection closer][PoolBase.java:134] - HikariPool-1 - Closing connection com.mysql.cj.jdbc.ConnectionImpl@2e27e967: (connection evicted)
2023-12-30 14:07:39,648 DEBUG [HikariPool-1 connection closer][PoolBase.java:134] - HikariPool-1 - Closing connection com.mysql.cj.jdbc.ConnectionImpl@2e27e967: (connection evicted)
2023-12-30 14:07:39,649 DEBUG [HikariPool-1 connection closer][PoolBase.java:134] - HikariPool-1 - Closing connection com.mysql.cj.jdbc.ConnectionImpl@1fc307bd: (connection evicted)
2023-12-30 14:07:39,649 DEBUG [HikariPool-1 connection closer][PoolBase.java:134] - HikariPool-1 - Closing connection com.mysql.cj.jdbc.ConnectionImpl@1fc307bd: (connection evicted)
2023-12-30 14:07:39,649 DEBUG [HikariPool-1 connection closer][PoolBase.java:134] - HikariPool-1 - Closing connection com.mysql.cj.jdbc.ConnectionImpl@4e081628: (connection evicted)
2023-12-30 14:07:39,649 DEBUG [HikariPool-1 connection closer][PoolBase.java:134] - HikariPool-1 - Closing connection com.mysql.cj.jdbc.ConnectionImpl@4e081628: (connection evicted)
2023-12-30 14:07:39,649 DEBUG [HikariPool-1 connection closer][PoolBase.java:134] - HikariPool-1 - Closing connection com.mysql.cj.jdbc.ConnectionImpl@36f50b6f: (connection evicted)
2023-12-30 14:07:39,649 DEBUG [HikariPool-1 connection closer][PoolBase.java:134] - HikariPool-1 - Closing connection com.mysql.cj.jdbc.ConnectionImpl@36f50b6f: (connection evicted)
2023-12-30 14:07:39,650 DEBUG [HikariPool-1 connection closer][PoolBase.java:134] - HikariPool-1 - Closing connection com.mysql.cj.jdbc.ConnectionImpl@4a462c81: (connection evicted)
2023-12-30 14:07:39,650 DEBUG [HikariPool-1 connection closer][PoolBase.java:134] - HikariPool-1 - Closing connection com.mysql.cj.jdbc.ConnectionImpl@4a462c81: (connection evicted)
2023-12-30 14:07:39,650 DEBUG [HikariPool-1 connection closer][PoolBase.java:134] - HikariPool-1 - Closing connection com.mysql.cj.jdbc.ConnectionImpl@4f2b9241: (connection evicted)
2023-12-30 14:07:39,650 DEBUG [HikariPool-1 connection closer][PoolBase.java:134] - HikariPool-1 - Closing connection com.mysql.cj.jdbc.ConnectionImpl@4f2b9241: (connection evicted)
2023-12-30 14:07:39,651 DEBUG [HikariPool-1 connection closer][PoolBase.java:134] - HikariPool-1 - Closing connection com.mysql.cj.jdbc.ConnectionImpl@7266a4db: (connection evicted)
2023-12-30 14:07:39,651 DEBUG [HikariPool-1 connection closer][PoolBase.java:134] - HikariPool-1 - Closing connection com.mysql.cj.jdbc.ConnectionImpl@7266a4db: (connection evicted)
2023-12-30 14:07:39,651 DEBUG [HikariPool-1 connection closer][PoolBase.java:134] - HikariPool-1 - Closing connection com.mysql.cj.jdbc.ConnectionImpl@3f832628: (connection evicted)
2023-12-30 14:07:39,651 DEBUG [HikariPool-1 connection closer][PoolBase.java:134] - HikariPool-1 - Closing connection com.mysql.cj.jdbc.ConnectionImpl@3f832628: (connection evicted)
2023-12-30 14:07:39,651 DEBUG [SpringContextShutdownHook][HikariPool.java:421] - HikariPool-1 - After shutdown stats (total=0, active=0, idle=0, waiting=0)
2023-12-30 14:07:39,651 DEBUG [SpringContextShutdownHook][HikariPool.java:421] - HikariPool-1 - After shutdown stats (total=0, active=0, idle=0, waiting=0)
2023-12-30 14:07:39,652 INFO [SpringContextShutdownHook][HikariDataSource.java:352] - HikariPool-1 - Shutdown completed.
2023-12-30 14:07:39,652 INFO [SpringContextShutdownHook][HikariDataSource.java:352] - HikariPool-1 - Shutdown completed.
2023-12-30 14:07:49,896 DEBUG [background-preinit][LoggerProviders.java:152] - Logging Provider: org.jboss.logging.Log4j2LoggerProvider
2023-12-30 14:07:49,896 DEBUG [background-preinit][LoggerProviders.java:152] - Logging Provider: org.jboss.logging.Log4j2LoggerProvider
2023-12-30 14:07:49,902 INFO [background-preinit][Version.java:21] - HV000001: Hibernate Validator 6.1.6.Final
2023-12-30 14:07:49,902 INFO [background-preinit][Version.java:21] - HV000001: Hibernate Validator 6.1.6.Final
2023-12-30 14:07:49,908 DEBUG [background-preinit][ValidationXmlParser.java:120] - Trying to load META-INF/validation.xml for XML based Validator configuration.
2023-12-30 14:07:49,908 DEBUG [background-preinit][ValidationXmlParser.java:120] - Trying to load META-INF/validation.xml for XML based Validator configuration.
2023-12-30 14:07:49,909 DEBUG [background-preinit][ResourceLoaderHelper.java:60] - Trying to load META-INF/validation.xml via TCCL
2023-12-30 14:07:49,909 DEBUG [background-preinit][ResourceLoaderHelper.java:60] - Trying to load META-INF/validation.xml via TCCL
2023-12-30 14:07:49,910 DEBUG [background-preinit][ResourceLoaderHelper.java:66] - Trying to load META-INF/validation.xml via Hibernate Validator's class loader
2023-12-30 14:07:49,910 DEBUG [background-preinit][ResourceLoaderHelper.java:66] - Trying to load META-INF/validation.xml via Hibernate Validator's class loader
2023-12-30 14:07:49,910 DEBUG [background-preinit][ValidationXmlParser.java:127] - No META-INF/validation.xml found. Using annotation based configuration only.
2023-12-30 14:07:49,910 DEBUG [background-preinit][ValidationXmlParser.java:127] - No META-INF/validation.xml found. Using annotation based configuration only.
2023-12-30 14:07:49,913 DEBUG [background-preinit][TraversableResolvers.java:60] - Cannot find javax.persistence.Persistence on classpath. Assuming non JPA 2 environment. All properties will per default be traversable.
2023-12-30 14:07:49,913 DEBUG [background-preinit][TraversableResolvers.java:60] - Cannot find javax.persistence.Persistence on classpath. Assuming non JPA 2 environment. All properties will per default be traversable.
2023-12-30 14:07:49,930 DEBUG [background-preinit][ResourceBundleMessageInterpolator.java:172] - Loaded expression factory via original TCCL
2023-12-30 14:07:49,930 DEBUG [background-preinit][ResourceBundleMessageInterpolator.java:172] - Loaded expression factory via original TCCL
2023-12-30 14:07:50,057 DEBUG [background-preinit][ValidatorFactoryConfigurationHelper.java:300] - HV000252: Using org.hibernate.validator.internal.engine.DefaultPropertyNodeNameProvider as property node name provider.
2023-12-30 14:07:50,057 DEBUG [background-preinit][ValidatorFactoryConfigurationHelper.java:300] - HV000252: Using org.hibernate.validator.internal.engine.DefaultPropertyNodeNameProvider as property node name provider.
2023-12-30 14:07:50,060 DEBUG [background-preinit][ValidatorFactoryConfigurationHelper.java:375] - HV000234: Using org.hibernate.validator.messageinterpolation.ResourceBundleMessageInterpolator as ValidatorFactory-scoped message interpolator.
2023-12-30 14:07:50,060 DEBUG [background-preinit][ValidatorFactoryConfigurationHelper.java:375] - HV000234: Using org.hibernate.validator.messageinterpolation.ResourceBundleMessageInterpolator as ValidatorFactory-scoped message interpolator.
2023-12-30 14:07:50,061 DEBUG [background-preinit][ValidatorFactoryConfigurationHelper.java:376] - HV000234: Using org.hibernate.validator.internal.engine.resolver.TraverseAllTraversableResolver as ValidatorFactory-scoped traversable resolver.
2023-12-30 14:07:50,061 DEBUG [background-preinit][ValidatorFactoryConfigurationHelper.java:376] - HV000234: Using org.hibernate.validator.internal.engine.resolver.TraverseAllTraversableResolver as ValidatorFactory-scoped traversable resolver.
2023-12-30 14:07:50,061 DEBUG [background-preinit][ValidatorFactoryConfigurationHelper.java:377] - HV000234: Using org.hibernate.validator.internal.util.ExecutableParameterNameProvider as ValidatorFactory-scoped parameter name provider.
2023-12-30 14:07:50,061 DEBUG [background-preinit][ValidatorFactoryConfigurationHelper.java:377] - HV000234: Using org.hibernate.validator.internal.util.ExecutableParameterNameProvider as ValidatorFactory-scoped parameter name provider.
2023-12-30 14:07:50,061 DEBUG [background-preinit][ValidatorFactoryConfigurationHelper.java:378] - HV000234: Using org.hibernate.validator.internal.engine.DefaultClockProvider as ValidatorFactory-scoped clock provider.
2023-12-30 14:07:50,061 DEBUG [background-preinit][ValidatorFactoryConfigurationHelper.java:378] - HV000234: Using org.hibernate.validator.internal.engine.DefaultClockProvider as ValidatorFactory-scoped clock provider.
2023-12-30 14:07:50,062 DEBUG [background-preinit][ValidatorFactoryConfigurationHelper.java:379] - HV000234: Using org.hibernate.validator.internal.engine.scripting.DefaultScriptEvaluatorFactory as ValidatorFactory-scoped script evaluator factory.
2023-12-30 14:07:50,062 DEBUG [background-preinit][ValidatorFactoryConfigurationHelper.java:379] - HV000234: Using org.hibernate.validator.internal.engine.scripting.DefaultScriptEvaluatorFactory as ValidatorFactory-scoped script evaluator factory.
2023-12-30 14:07:51,173 INFO [main][SpringApplication.java:651] - No active profile set, falling back to default profiles: default
2023-12-30 14:07:51,173 INFO [main][SpringApplication.java:651] - No active profile set, falling back to default profiles: default
2023-12-30 14:07:51,791 DEBUG [main][LogFactory.java:105] - Logging initialized using 'class org.apache.ibatis.logging.slf4j.Slf4jImpl' adapter.
2023-12-30 14:07:51,791 DEBUG [main][LogFactory.java:105] - Logging initialized using 'class org.apache.ibatis.logging.slf4j.Slf4jImpl' adapter.
2023-12-30 14:07:51,855 INFO [main][GenericScope.java:295] - BeanFactory id=95fa85b9-81b6-3d0e-ab31-af5a93820b6b
2023-12-30 14:07:51,855 INFO [main][GenericScope.java:295] - BeanFactory id=95fa85b9-81b6-3d0e-ab31-af5a93820b6b
2023-12-30 14:07:52,093 INFO [main][TomcatWebServer.java:108] - Tomcat initialized with port(s): 63110 (http)
2023-12-30 14:07:52,093 INFO [main][TomcatWebServer.java:108] - Tomcat initialized with port(s): 63110 (http)
2023-12-30 14:07:52,100 INFO [main][DirectJDKLog.java:173] - Initializing ProtocolHandler ["http-nio-63110"]
2023-12-30 14:07:52,100 INFO [main][DirectJDKLog.java:173] - Initializing ProtocolHandler ["http-nio-63110"]
2023-12-30 14:07:52,100 INFO [main][DirectJDKLog.java:173] - Starting service [Tomcat]
2023-12-30 14:07:52,100 INFO [main][DirectJDKLog.java:173] - Starting service [Tomcat]
2023-12-30 14:07:52,101 INFO [main][DirectJDKLog.java:173] - Starting Servlet engine: [Apache Tomcat/9.0.41]
2023-12-30 14:07:52,101 INFO [main][DirectJDKLog.java:173] - Starting Servlet engine: [Apache Tomcat/9.0.41]
2023-12-30 14:07:52,196 INFO [main][DirectJDKLog.java:173] - Initializing Spring embedded WebApplicationContext
2023-12-30 14:07:52,196 INFO [main][DirectJDKLog.java:173] - Initializing Spring embedded WebApplicationContext
2023-12-30 14:07:52,197 INFO [main][ServletWebServerApplicationContext.java:285] - Root WebApplicationContext: initialization completed in 1012 ms
2023-12-30 14:07:52,197 INFO [main][ServletWebServerApplicationContext.java:285] - Root WebApplicationContext: initialization completed in 1012 ms
2023-12-30 14:07:52,375 DEBUG [main][HikariConfig.java:946] - Driver class com.mysql.cj.jdbc.Driver found in Thread context class loader sun.misc.Launcher$AppClassLoader@18b4aac2
2023-12-30 14:07:52,375 DEBUG [main][HikariConfig.java:946] - Driver class com.mysql.cj.jdbc.Driver found in Thread context class loader sun.misc.Launcher$AppClassLoader@18b4aac2
2023-12-30 14:07:52,427 DEBUG [main][Logger.java:49] - Registered plugin: 'com.baomidou.mybatisplus.extension.plugins.MybatisPlusInterceptor@4cbc2e3b'
2023-12-30 14:07:52,427 DEBUG [main][Logger.java:49] - Registered plugin: 'com.baomidou.mybatisplus.extension.plugins.MybatisPlusInterceptor@4cbc2e3b'
2023-12-30 14:07:52,428 DEBUG [main][Logger.java:49] - Property 'mapperLocations' was not specified.
2023-12-30 14:07:52,428 DEBUG [main][Logger.java:49] - Property 'mapperLocations' was not specified.
2023-12-30 14:07:53,433 DEBUG [main][MybatisConfiguration.java:128] - addMappedStatement: com.xuecheng.system.mapper.DictionaryMapper.insert
2023-12-30 14:07:53,433 DEBUG [main][MybatisConfiguration.java:128] - addMappedStatement: com.xuecheng.system.mapper.DictionaryMapper.insert
2023-12-30 14:07:53,437 DEBUG [main][MybatisConfiguration.java:128] - addMappedStatement: com.xuecheng.system.mapper.DictionaryMapper.delete
2023-12-30 14:07:53,437 DEBUG [main][MybatisConfiguration.java:128] - addMappedStatement: com.xuecheng.system.mapper.DictionaryMapper.delete
2023-12-30 14:07:53,439 DEBUG [main][MybatisConfiguration.java:128] - addMappedStatement: com.xuecheng.system.mapper.DictionaryMapper.deleteByMap
2023-12-30 14:07:53,439 DEBUG [main][MybatisConfiguration.java:128] - addMappedStatement: com.xuecheng.system.mapper.DictionaryMapper.deleteByMap
2023-12-30 14:07:53,452 DEBUG [main][MybatisConfiguration.java:128] - addMappedStatement: com.xuecheng.system.mapper.DictionaryMapper.deleteById
2023-12-30 14:07:53,452 DEBUG [main][MybatisConfiguration.java:128] - addMappedStatement: com.xuecheng.system.mapper.DictionaryMapper.deleteById
2023-12-30 14:07:53,454 DEBUG [main][MybatisConfiguration.java:128] - addMappedStatement: com.xuecheng.system.mapper.DictionaryMapper.deleteBatchIds
2023-12-30 14:07:53,454 DEBUG [main][MybatisConfiguration.java:128] - addMappedStatement: com.xuecheng.system.mapper.DictionaryMapper.deleteBatchIds
2023-12-30 14:07:53,457 DEBUG [main][MybatisConfiguration.java:128] - addMappedStatement: com.xuecheng.system.mapper.DictionaryMapper.update
2023-12-30 14:07:53,457 DEBUG [main][MybatisConfiguration.java:128] - addMappedStatement: com.xuecheng.system.mapper.DictionaryMapper.update
2023-12-30 14:07:53,459 DEBUG [main][MybatisConfiguration.java:128] - addMappedStatement: com.xuecheng.system.mapper.DictionaryMapper.updateById
2023-12-30 14:07:53,459 DEBUG [main][MybatisConfiguration.java:128] - addMappedStatement: com.xuecheng.system.mapper.DictionaryMapper.updateById
2023-12-30 14:07:53,460 DEBUG [main][MybatisConfiguration.java:128] - addMappedStatement: com.xuecheng.system.mapper.DictionaryMapper.selectById
2023-12-30 14:07:53,460 DEBUG [main][MybatisConfiguration.java:128] - addMappedStatement: com.xuecheng.system.mapper.DictionaryMapper.selectById
2023-12-30 14:07:53,461 DEBUG [main][MybatisConfiguration.java:128] - addMappedStatement: com.xuecheng.system.mapper.DictionaryMapper.selectBatchIds
2023-12-30 14:07:53,461 DEBUG [main][MybatisConfiguration.java:128] - addMappedStatement: com.xuecheng.system.mapper.DictionaryMapper.selectBatchIds
2023-12-30 14:07:53,463 DEBUG [main][MybatisConfiguration.java:128] - addMappedStatement: com.xuecheng.system.mapper.DictionaryMapper.selectByMap
2023-12-30 14:07:53,463 DEBUG [main][MybatisConfiguration.java:128] - addMappedStatement: com.xuecheng.system.mapper.DictionaryMapper.selectByMap
2023-12-30 14:07:53,465 DEBUG [main][MybatisConfiguration.java:128] - addMappedStatement: com.xuecheng.system.mapper.DictionaryMapper.selectOne
2023-12-30 14:07:53,465 DEBUG [main][MybatisConfiguration.java:128] - addMappedStatement: com.xuecheng.system.mapper.DictionaryMapper.selectOne
2023-12-30 14:07:53,467 DEBUG [main][MybatisConfiguration.java:128] - addMappedStatement: com.xuecheng.system.mapper.DictionaryMapper.selectCount
2023-12-30 14:07:53,467 DEBUG [main][MybatisConfiguration.java:128] - addMappedStatement: com.xuecheng.system.mapper.DictionaryMapper.selectCount
2023-12-30 14:07:53,469 DEBUG [main][MybatisConfiguration.java:128] - addMappedStatement: com.xuecheng.system.mapper.DictionaryMapper.selectMaps
2023-12-30 14:07:53,469 DEBUG [main][MybatisConfiguration.java:128] - addMappedStatement: com.xuecheng.system.mapper.DictionaryMapper.selectMaps
2023-12-30 14:07:53,471 DEBUG [main][MybatisConfiguration.java:128] - addMappedStatement: com.xuecheng.system.mapper.DictionaryMapper.selectMapsPage
2023-12-30 14:07:53,471 DEBUG [main][MybatisConfiguration.java:128] - addMappedStatement: com.xuecheng.system.mapper.DictionaryMapper.selectMapsPage
2023-12-30 14:07:53,473 DEBUG [main][MybatisConfiguration.java:128] - addMappedStatement: com.xuecheng.system.mapper.DictionaryMapper.selectObjs
2023-12-30 14:07:53,473 DEBUG [main][MybatisConfiguration.java:128] - addMappedStatement: com.xuecheng.system.mapper.DictionaryMapper.selectObjs
2023-12-30 14:07:53,476 DEBUG [main][MybatisConfiguration.java:128] - addMappedStatement: com.xuecheng.system.mapper.DictionaryMapper.selectList
2023-12-30 14:07:53,476 DEBUG [main][MybatisConfiguration.java:128] - addMappedStatement: com.xuecheng.system.mapper.DictionaryMapper.selectList
2023-12-30 14:07:53,478 DEBUG [main][MybatisConfiguration.java:128] - addMappedStatement: com.xuecheng.system.mapper.DictionaryMapper.selectPage
2023-12-30 14:07:53,478 DEBUG [main][MybatisConfiguration.java:128] - addMappedStatement: com.xuecheng.system.mapper.DictionaryMapper.selectPage
2023-12-30 14:07:53,825 INFO [main][PropertySourcedRequestMappingHandlerMapping.java:69] - Mapped URL path [/v2/api-docs] onto method [springfox.documentation.swagger2.web.Swagger2Controller#getDocumentation(String, HttpServletRequest)]
2023-12-30 14:07:53,825 INFO [main][PropertySourcedRequestMappingHandlerMapping.java:69] - Mapped URL path [/v2/api-docs] onto method [springfox.documentation.swagger2.web.Swagger2Controller#getDocumentation(String, HttpServletRequest)]
2023-12-30 14:07:53,863 DEBUG [main][ResourceBundleMessageInterpolator.java:172] - Loaded expression factory via original TCCL
2023-12-30 14:07:53,863 DEBUG [main][ResourceBundleMessageInterpolator.java:172] - Loaded expression factory via original TCCL
2023-12-30 14:07:53,866 DEBUG [main][AbstractConfigurationImpl.java:171] - Setting custom MessageInterpolator of type org.springframework.validation.beanvalidation.LocaleContextMessageInterpolator
2023-12-30 14:07:53,866 DEBUG [main][AbstractConfigurationImpl.java:171] - Setting custom MessageInterpolator of type org.springframework.validation.beanvalidation.LocaleContextMessageInterpolator
2023-12-30 14:07:53,866 DEBUG [main][AbstractConfigurationImpl.java:203] - Setting custom ConstraintValidatorFactory of type org.springframework.validation.beanvalidation.SpringConstraintValidatorFactory
2023-12-30 14:07:53,866 DEBUG [main][AbstractConfigurationImpl.java:203] - Setting custom ConstraintValidatorFactory of type org.springframework.validation.beanvalidation.SpringConstraintValidatorFactory
2023-12-30 14:07:53,867 DEBUG [main][AbstractConfigurationImpl.java:217] - Setting custom ParameterNameProvider of type org.springframework.validation.beanvalidation.LocalValidatorFactoryBean$1
2023-12-30 14:07:53,867 DEBUG [main][AbstractConfigurationImpl.java:217] - Setting custom ParameterNameProvider of type org.springframework.validation.beanvalidation.LocalValidatorFactoryBean$1
2023-12-30 14:07:53,867 DEBUG [main][ValidationXmlParser.java:120] - Trying to load META-INF/validation.xml for XML based Validator configuration.
2023-12-30 14:07:53,867 DEBUG [main][ValidationXmlParser.java:120] - Trying to load META-INF/validation.xml for XML based Validator configuration.
2023-12-30 14:07:53,868 DEBUG [main][ResourceLoaderHelper.java:53] - Trying to load META-INF/validation.xml via user class loader
2023-12-30 14:07:53,868 DEBUG [main][ResourceLoaderHelper.java:53] - Trying to load META-INF/validation.xml via user class loader
2023-12-30 14:07:53,868 DEBUG [main][ResourceLoaderHelper.java:60] - Trying to load META-INF/validation.xml via TCCL
2023-12-30 14:07:53,868 DEBUG [main][ResourceLoaderHelper.java:60] - Trying to load META-INF/validation.xml via TCCL
2023-12-30 14:07:53,868 DEBUG [main][ResourceLoaderHelper.java:66] - Trying to load META-INF/validation.xml via Hibernate Validator's class loader
2023-12-30 14:07:53,868 DEBUG [main][ResourceLoaderHelper.java:66] - Trying to load META-INF/validation.xml via Hibernate Validator's class loader
2023-12-30 14:07:53,868 DEBUG [main][ValidationXmlParser.java:127] - No META-INF/validation.xml found. Using annotation based configuration only.
2023-12-30 14:07:53,868 DEBUG [main][ValidationXmlParser.java:127] - No META-INF/validation.xml found. Using annotation based configuration only.
2023-12-30 14:07:53,868 DEBUG [main][TraversableResolvers.java:60] - Cannot find javax.persistence.Persistence on classpath. Assuming non JPA 2 environment. All properties will per default be traversable.
2023-12-30 14:07:53,868 DEBUG [main][TraversableResolvers.java:60] - Cannot find javax.persistence.Persistence on classpath. Assuming non JPA 2 environment. All properties will per default be traversable.
2023-12-30 14:07:53,869 DEBUG [main][ValidatorFactoryConfigurationHelper.java:300] - HV000252: Using org.hibernate.validator.internal.engine.DefaultPropertyNodeNameProvider as property node name provider.
2023-12-30 14:07:53,869 DEBUG [main][ValidatorFactoryConfigurationHelper.java:300] - HV000252: Using org.hibernate.validator.internal.engine.DefaultPropertyNodeNameProvider as property node name provider.
2023-12-30 14:07:53,870 DEBUG [main][ValidatorFactoryConfigurationHelper.java:375] - HV000234: Using org.springframework.validation.beanvalidation.LocaleContextMessageInterpolator as ValidatorFactory-scoped message interpolator.
2023-12-30 14:07:53,870 DEBUG [main][ValidatorFactoryConfigurationHelper.java:375] - HV000234: Using org.springframework.validation.beanvalidation.LocaleContextMessageInterpolator as ValidatorFactory-scoped message interpolator.
2023-12-30 14:07:53,870 DEBUG [main][ValidatorFactoryConfigurationHelper.java:376] - HV000234: Using org.hibernate.validator.internal.engine.resolver.TraverseAllTraversableResolver as ValidatorFactory-scoped traversable resolver.
2023-12-30 14:07:53,870 DEBUG [main][ValidatorFactoryConfigurationHelper.java:376] - HV000234: Using org.hibernate.validator.internal.engine.resolver.TraverseAllTraversableResolver as ValidatorFactory-scoped traversable resolver.
2023-12-30 14:07:53,870 DEBUG [main][ValidatorFactoryConfigurationHelper.java:377] - HV000234: Using org.hibernate.validator.internal.util.ExecutableParameterNameProvider as ValidatorFactory-scoped parameter name provider.
2023-12-30 14:07:53,870 DEBUG [main][ValidatorFactoryConfigurationHelper.java:377] - HV000234: Using org.hibernate.validator.internal.util.ExecutableParameterNameProvider as ValidatorFactory-scoped parameter name provider.
2023-12-30 14:07:53,870 DEBUG [main][ValidatorFactoryConfigurationHelper.java:378] - HV000234: Using org.hibernate.validator.internal.engine.DefaultClockProvider as ValidatorFactory-scoped clock provider.
2023-12-30 14:07:53,870 DEBUG [main][ValidatorFactoryConfigurationHelper.java:378] - HV000234: Using org.hibernate.validator.internal.engine.DefaultClockProvider as ValidatorFactory-scoped clock provider.
2023-12-30 14:07:53,870 DEBUG [main][ValidatorFactoryConfigurationHelper.java:379] - HV000234: Using org.hibernate.validator.internal.engine.scripting.DefaultScriptEvaluatorFactory as ValidatorFactory-scoped script evaluator factory.
2023-12-30 14:07:53,870 DEBUG [main][ValidatorFactoryConfigurationHelper.java:379] - HV000234: Using org.hibernate.validator.internal.engine.scripting.DefaultScriptEvaluatorFactory as ValidatorFactory-scoped script evaluator factory.
2023-12-30 14:07:53,924 INFO [main][ExecutorConfigurationSupport.java:181] - Initializing ExecutorService 'applicationTaskExecutor'
2023-12-30 14:07:53,924 INFO [main][ExecutorConfigurationSupport.java:181] - Initializing ExecutorService 'applicationTaskExecutor'
2023-12-30 14:07:54,022 INFO [main][ExecutorConfigurationSupport.java:181] - Initializing ExecutorService 'taskScheduler'
2023-12-30 14:07:54,022 INFO [main][ExecutorConfigurationSupport.java:181] - Initializing ExecutorService 'taskScheduler'
2023-12-30 14:07:54,992 INFO [main][DirectJDKLog.java:173] - Starting ProtocolHandler ["http-nio-63110"]
2023-12-30 14:07:54,992 INFO [main][DirectJDKLog.java:173] - Starting ProtocolHandler ["http-nio-63110"]
2023-12-30 14:07:55,010 INFO [main][TomcatWebServer.java:220] - Tomcat started on port(s): 63110 (http) with context path '/system'
2023-12-30 14:07:55,010 INFO [main][TomcatWebServer.java:220] - Tomcat started on port(s): 63110 (http) with context path '/system'
2023-12-30 14:07:55,944 INFO [main][DocumentationPluginsBootstrapper.java:160] - Context refreshed
2023-12-30 14:07:55,944 INFO [main][DocumentationPluginsBootstrapper.java:160] - Context refreshed
2023-12-30 14:07:55,957 INFO [main][DocumentationPluginsBootstrapper.java:163] - Found 1 custom documentation plugin(s)
2023-12-30 14:07:55,957 INFO [main][DocumentationPluginsBootstrapper.java:163] - Found 1 custom documentation plugin(s)
2023-12-30 14:07:55,985 INFO [main][ApiListingReferenceScanner.java:41] - Scanning for api listing references
2023-12-30 14:07:55,985 INFO [main][ApiListingReferenceScanner.java:41] - Scanning for api listing references
2023-12-30 14:07:56,088 INFO [main][StartupInfoLogger.java:61] - Started SystemApplication in 7.657 seconds (JVM running for 9.196)
2023-12-30 14:07:56,088 INFO [main][StartupInfoLogger.java:61] - Started SystemApplication in 7.657 seconds (JVM running for 9.196)
2023-12-30 14:08:06,594 INFO [http-nio-63110-exec-2][DirectJDKLog.java:173] - Initializing Spring DispatcherServlet 'dispatcherServlet'
2023-12-30 14:08:06,594 INFO [http-nio-63110-exec-2][DirectJDKLog.java:173] - Initializing Spring DispatcherServlet 'dispatcherServlet'
2023-12-30 14:08:06,594 INFO [http-nio-63110-exec-2][FrameworkServlet.java:525] - Initializing Servlet 'dispatcherServlet'
2023-12-30 14:08:06,594 INFO [http-nio-63110-exec-2][FrameworkServlet.java:525] - Initializing Servlet 'dispatcherServlet'
2023-12-30 14:08:06,604 INFO [http-nio-63110-exec-2][FrameworkServlet.java:547] - Completed initialization in 9 ms
2023-12-30 14:08:06,604 INFO [http-nio-63110-exec-2][FrameworkServlet.java:547] - Completed initialization in 9 ms
2023-12-30 14:08:06,684 DEBUG [http-nio-63110-exec-2][HikariConfig.java:1066] - HikariPool-1 - configuration:
2023-12-30 14:08:06,684 DEBUG [http-nio-63110-exec-2][HikariConfig.java:1066] - HikariPool-1 - configuration:
2023-12-30 14:08:06,687 DEBUG [http-nio-63110-exec-2][HikariConfig.java:1098] - allowPoolSuspension.............false
2023-12-30 14:08:06,687 DEBUG [http-nio-63110-exec-2][HikariConfig.java:1098] - allowPoolSuspension.............false
2023-12-30 14:08:06,688 DEBUG [http-nio-63110-exec-2][HikariConfig.java:1098] - autoCommit......................true
2023-12-30 14:08:06,688 DEBUG [http-nio-63110-exec-2][HikariConfig.java:1098] - autoCommit......................true
2023-12-30 14:08:06,688 DEBUG [http-nio-63110-exec-2][HikariConfig.java:1098] - catalog.........................none
2023-12-30 14:08:06,688 DEBUG [http-nio-63110-exec-2][HikariConfig.java:1098] - catalog.........................none
2023-12-30 14:08:06,688 DEBUG [http-nio-63110-exec-2][HikariConfig.java:1098] - connectionInitSql...............none
2023-12-30 14:08:06,688 DEBUG [http-nio-63110-exec-2][HikariConfig.java:1098] - connectionInitSql...............none
2023-12-30 14:08:06,689 DEBUG [http-nio-63110-exec-2][HikariConfig.java:1098] - connectionTestQuery.............none
2023-12-30 14:08:06,689 DEBUG [http-nio-63110-exec-2][HikariConfig.java:1098] - connectionTestQuery.............none
2023-12-30 14:08:06,689 DEBUG [http-nio-63110-exec-2][HikariConfig.java:1098] - connectionTimeout...............30000
2023-12-30 14:08:06,689 DEBUG [http-nio-63110-exec-2][HikariConfig.java:1098] - connectionTimeout...............30000
2023-12-30 14:08:06,689 DEBUG [http-nio-63110-exec-2][HikariConfig.java:1098] - dataSource......................none
2023-12-30 14:08:06,689 DEBUG [http-nio-63110-exec-2][HikariConfig.java:1098] - dataSource......................none
2023-12-30 14:08:06,690 DEBUG [http-nio-63110-exec-2][HikariConfig.java:1098] - dataSourceClassName.............none
2023-12-30 14:08:06,690 DEBUG [http-nio-63110-exec-2][HikariConfig.java:1098] - dataSourceClassName.............none
2023-12-30 14:08:06,690 DEBUG [http-nio-63110-exec-2][HikariConfig.java:1098] - dataSourceJNDI..................none
2023-12-30 14:08:06,690 DEBUG [http-nio-63110-exec-2][HikariConfig.java:1098] - dataSourceJNDI..................none
2023-12-30 14:08:06,691 DEBUG [http-nio-63110-exec-2][HikariConfig.java:1098] - dataSourceProperties............{password=<masked>}
2023-12-30 14:08:06,691 DEBUG [http-nio-63110-exec-2][HikariConfig.java:1098] - dataSourceProperties............{password=<masked>}
2023-12-30 14:08:06,691 DEBUG [http-nio-63110-exec-2][HikariConfig.java:1098] - driverClassName................."com.mysql.cj.jdbc.Driver"
2023-12-30 14:08:06,691 DEBUG [http-nio-63110-exec-2][HikariConfig.java:1098] - driverClassName................."com.mysql.cj.jdbc.Driver"
2023-12-30 14:08:06,691 DEBUG [http-nio-63110-exec-2][HikariConfig.java:1098] - exceptionOverrideClassName......none
2023-12-30 14:08:06,691 DEBUG [http-nio-63110-exec-2][HikariConfig.java:1098] - exceptionOverrideClassName......none
2023-12-30 14:08:06,691 DEBUG [http-nio-63110-exec-2][HikariConfig.java:1098] - healthCheckProperties...........{}
2023-12-30 14:08:06,691 DEBUG [http-nio-63110-exec-2][HikariConfig.java:1098] - healthCheckProperties...........{}
2023-12-30 14:08:06,692 DEBUG [http-nio-63110-exec-2][HikariConfig.java:1098] - healthCheckRegistry.............none
2023-12-30 14:08:06,692 DEBUG [http-nio-63110-exec-2][HikariConfig.java:1098] - healthCheckRegistry.............none
2023-12-30 14:08:06,692 DEBUG [http-nio-63110-exec-2][HikariConfig.java:1098] - idleTimeout.....................600000
2023-12-30 14:08:06,692 DEBUG [http-nio-63110-exec-2][HikariConfig.java:1098] - idleTimeout.....................600000
2023-12-30 14:08:06,692 DEBUG [http-nio-63110-exec-2][HikariConfig.java:1098] - initializationFailTimeout.......1
2023-12-30 14:08:06,692 DEBUG [http-nio-63110-exec-2][HikariConfig.java:1098] - initializationFailTimeout.......1
2023-12-30 14:08:06,692 DEBUG [http-nio-63110-exec-2][HikariConfig.java:1098] - isolateInternalQueries..........false
2023-12-30 14:08:06,692 DEBUG [http-nio-63110-exec-2][HikariConfig.java:1098] - isolateInternalQueries..........false
2023-12-30 14:08:06,693 DEBUG [http-nio-63110-exec-2][HikariConfig.java:1098] - jdbcUrl.........................jdbc:mysql://192.168.101.65:3306/xcplus_system?serverTimezone=UTC&userUnicode=true&useSSL=false&
2023-12-30 14:08:06,693 DEBUG [http-nio-63110-exec-2][HikariConfig.java:1098] - jdbcUrl.........................jdbc:mysql://192.168.101.65:3306/xcplus_system?serverTimezone=UTC&userUnicode=true&useSSL=false&
2023-12-30 14:08:06,693 DEBUG [http-nio-63110-exec-2][HikariConfig.java:1098] - leakDetectionThreshold..........0
2023-12-30 14:08:06,693 DEBUG [http-nio-63110-exec-2][HikariConfig.java:1098] - leakDetectionThreshold..........0
2023-12-30 14:08:06,693 DEBUG [http-nio-63110-exec-2][HikariConfig.java:1098] - maxLifetime.....................1800000
2023-12-30 14:08:06,693 DEBUG [http-nio-63110-exec-2][HikariConfig.java:1098] - maxLifetime.....................1800000
2023-12-30 14:08:06,693 DEBUG [http-nio-63110-exec-2][HikariConfig.java:1098] - maximumPoolSize.................10
2023-12-30 14:08:06,693 DEBUG [http-nio-63110-exec-2][HikariConfig.java:1098] - maximumPoolSize.................10
2023-12-30 14:08:06,694 DEBUG [http-nio-63110-exec-2][HikariConfig.java:1098] - metricRegistry..................none
2023-12-30 14:08:06,694 DEBUG [http-nio-63110-exec-2][HikariConfig.java:1098] - metricRegistry..................none
2023-12-30 14:08:06,694 DEBUG [http-nio-63110-exec-2][HikariConfig.java:1098] - metricsTrackerFactory...........none
2023-12-30 14:08:06,694 DEBUG [http-nio-63110-exec-2][HikariConfig.java:1098] - metricsTrackerFactory...........none
2023-12-30 14:08:06,694 DEBUG [http-nio-63110-exec-2][HikariConfig.java:1098] - minimumIdle.....................10
2023-12-30 14:08:06,694 DEBUG [http-nio-63110-exec-2][HikariConfig.java:1098] - minimumIdle.....................10
2023-12-30 14:08:06,695 DEBUG [http-nio-63110-exec-2][HikariConfig.java:1098] - password........................<masked>
2023-12-30 14:08:06,695 DEBUG [http-nio-63110-exec-2][HikariConfig.java:1098] - password........................<masked>
2023-12-30 14:08:06,695 DEBUG [http-nio-63110-exec-2][HikariConfig.java:1098] - poolName........................"HikariPool-1"
2023-12-30 14:08:06,695 DEBUG [http-nio-63110-exec-2][HikariConfig.java:1098] - poolName........................"HikariPool-1"
2023-12-30 14:08:06,695 DEBUG [http-nio-63110-exec-2][HikariConfig.java:1098] - readOnly........................false
2023-12-30 14:08:06,695 DEBUG [http-nio-63110-exec-2][HikariConfig.java:1098] - readOnly........................false
2023-12-30 14:08:06,695 DEBUG [http-nio-63110-exec-2][HikariConfig.java:1098] - registerMbeans..................false
2023-12-30 14:08:06,695 DEBUG [http-nio-63110-exec-2][HikariConfig.java:1098] - registerMbeans..................false
2023-12-30 14:08:06,696 DEBUG [http-nio-63110-exec-2][HikariConfig.java:1098] - scheduledExecutor...............none
2023-12-30 14:08:06,696 DEBUG [http-nio-63110-exec-2][HikariConfig.java:1098] - scheduledExecutor...............none
2023-12-30 14:08:06,696 DEBUG [http-nio-63110-exec-2][HikariConfig.java:1098] - schema..........................none
2023-12-30 14:08:06,696 DEBUG [http-nio-63110-exec-2][HikariConfig.java:1098] - schema..........................none
2023-12-30 14:08:06,696 DEBUG [http-nio-63110-exec-2][HikariConfig.java:1098] - threadFactory...................internal
2023-12-30 14:08:06,696 DEBUG [http-nio-63110-exec-2][HikariConfig.java:1098] - threadFactory...................internal
2023-12-30 14:08:06,697 DEBUG [http-nio-63110-exec-2][HikariConfig.java:1098] - transactionIsolation............default
2023-12-30 14:08:06,697 DEBUG [http-nio-63110-exec-2][HikariConfig.java:1098] - transactionIsolation............default
2023-12-30 14:08:06,697 DEBUG [http-nio-63110-exec-2][HikariConfig.java:1098] - username........................"root"
2023-12-30 14:08:06,697 DEBUG [http-nio-63110-exec-2][HikariConfig.java:1098] - username........................"root"
2023-12-30 14:08:06,697 DEBUG [http-nio-63110-exec-2][HikariConfig.java:1098] - validationTimeout...............5000
2023-12-30 14:08:06,697 DEBUG [http-nio-63110-exec-2][HikariConfig.java:1098] - validationTimeout...............5000
2023-12-30 14:08:06,698 INFO [http-nio-63110-exec-2][HikariDataSource.java:110] - HikariPool-1 - Starting...
2023-12-30 14:08:06,698 INFO [http-nio-63110-exec-2][HikariDataSource.java:110] - HikariPool-1 - Starting...
2023-12-30 14:08:06,980 DEBUG [http-nio-63110-exec-2][HikariPool.java:564] - HikariPool-1 - Added connection com.mysql.cj.jdbc.ConnectionImpl@52e007f4
2023-12-30 14:08:06,980 DEBUG [http-nio-63110-exec-2][HikariPool.java:564] - HikariPool-1 - Added connection com.mysql.cj.jdbc.ConnectionImpl@52e007f4
2023-12-30 14:08:06,982 INFO [http-nio-63110-exec-2][HikariDataSource.java:123] - HikariPool-1 - Start completed.
2023-12-30 14:08:06,995 DEBUG [http-nio-63110-exec-2][BaseJdbcLogger.java:137] - ==>  Preparing: SELECT id,name,code,item_values FROM dictionary
2023-12-30 14:08:06,982 INFO [http-nio-63110-exec-2][HikariDataSource.java:123] - HikariPool-1 - Start completed.
2023-12-30 14:08:06,995 DEBUG [http-nio-63110-exec-2][BaseJdbcLogger.java:137] - ==>  Preparing: SELECT id,name,code,item_values FROM dictionary
2023-12-30 14:08:07,030 DEBUG [http-nio-63110-exec-2][BaseJdbcLogger.java:137] - ==> Parameters: 
2023-12-30 14:08:07,030 DEBUG [http-nio-63110-exec-2][BaseJdbcLogger.java:137] - ==> Parameters: 
2023-12-30 14:08:07,089 DEBUG [http-nio-63110-exec-2][BaseJdbcLogger.java:137] - <==      Total: 17
2023-12-30 14:08:07,089 DEBUG [http-nio-63110-exec-2][BaseJdbcLogger.java:137] - <==      Total: 17
2023-12-30 14:08:07,095 DEBUG [HikariPool-1 housekeeper][HikariPool.java:421] - HikariPool-1 - Pool stats (total=1, active=1, idle=0, waiting=0)
2023-12-30 14:08:07,095 DEBUG [HikariPool-1 housekeeper][HikariPool.java:421] - HikariPool-1 - Pool stats (total=1, active=1, idle=0, waiting=0)
2023-12-30 14:08:07,187 DEBUG [HikariPool-1 connection adder][HikariPool.java:728] - HikariPool-1 - Added connection com.mysql.cj.jdbc.ConnectionImpl@1f74c3e6
2023-12-30 14:08:07,187 DEBUG [HikariPool-1 connection adder][HikariPool.java:728] - HikariPool-1 - Added connection com.mysql.cj.jdbc.ConnectionImpl@1f74c3e6
2023-12-30 14:08:07,253 DEBUG [HikariPool-1 connection adder][HikariPool.java:728] - HikariPool-1 - Added connection com.mysql.cj.jdbc.ConnectionImpl@5e49c9dd
2023-12-30 14:08:07,253 DEBUG [HikariPool-1 connection adder][HikariPool.java:728] - HikariPool-1 - Added connection com.mysql.cj.jdbc.ConnectionImpl@5e49c9dd
2023-12-30 14:08:07,266 DEBUG [HikariPool-1 connection adder][HikariPool.java:728] - HikariPool-1 - Added connection com.mysql.cj.jdbc.ConnectionImpl@6f5db15f
2023-12-30 14:08:07,266 DEBUG [HikariPool-1 connection adder][HikariPool.java:728] - HikariPool-1 - Added connection com.mysql.cj.jdbc.ConnectionImpl@6f5db15f
2023-12-30 14:08:07,289 DEBUG [HikariPool-1 connection adder][HikariPool.java:728] - HikariPool-1 - Added connection com.mysql.cj.jdbc.ConnectionImpl@3e663692
2023-12-30 14:08:07,289 DEBUG [HikariPool-1 connection adder][HikariPool.java:728] - HikariPool-1 - Added connection com.mysql.cj.jdbc.ConnectionImpl@3e663692
2023-12-30 14:08:07,300 DEBUG [HikariPool-1 connection adder][HikariPool.java:728] - HikariPool-1 - Added connection com.mysql.cj.jdbc.ConnectionImpl@130fc513
2023-12-30 14:08:07,300 DEBUG [HikariPool-1 connection adder][HikariPool.java:728] - HikariPool-1 - Added connection com.mysql.cj.jdbc.ConnectionImpl@130fc513
2023-12-30 14:08:07,311 DEBUG [HikariPool-1 connection adder][HikariPool.java:728] - HikariPool-1 - Added connection com.mysql.cj.jdbc.ConnectionImpl@3a28ec4d
2023-12-30 14:08:07,311 DEBUG [HikariPool-1 connection adder][HikariPool.java:728] - HikariPool-1 - Added connection com.mysql.cj.jdbc.ConnectionImpl@3a28ec4d
2023-12-30 14:08:07,321 DEBUG [HikariPool-1 connection adder][HikariPool.java:728] - HikariPool-1 - Added connection com.mysql.cj.jdbc.ConnectionImpl@d289399
2023-12-30 14:08:07,321 DEBUG [HikariPool-1 connection adder][HikariPool.java:728] - HikariPool-1 - Added connection com.mysql.cj.jdbc.ConnectionImpl@d289399
2023-12-30 14:08:07,328 DEBUG [HikariPool-1 connection adder][HikariPool.java:728] - HikariPool-1 - Added connection com.mysql.cj.jdbc.ConnectionImpl@4f541fc0
2023-12-30 14:08:07,328 DEBUG [HikariPool-1 connection adder][HikariPool.java:728] - HikariPool-1 - Added connection com.mysql.cj.jdbc.ConnectionImpl@4f541fc0
2023-12-30 14:08:07,335 DEBUG [HikariPool-1 connection adder][HikariPool.java:728] - HikariPool-1 - Added connection com.mysql.cj.jdbc.ConnectionImpl@7bd218a
2023-12-30 14:08:07,335 DEBUG [HikariPool-1 connection adder][HikariPool.java:728] - HikariPool-1 - Added connection com.mysql.cj.jdbc.ConnectionImpl@7bd218a
2023-12-30 14:08:07,336 DEBUG [HikariPool-1 connection adder][HikariPool.java:421] - HikariPool-1 - After adding stats (total=10, active=0, idle=10, waiting=0)
2023-12-30 14:08:07,336 DEBUG [HikariPool-1 connection adder][HikariPool.java:421] - HikariPool-1 - After adding stats (total=10, active=0, idle=10, waiting=0)
